Arguments: 
  C:\Program Files\nodejs\node.exe C:\Users\Damisi\AppData\Roaming\npm\node_modules\yarn\bin\yarn.js install

PATH: 
  C:\Program Files (x86)\NVIDIA Corporation\PhysX\Common;C:\Program Files\Common Files\Oracle\Java\javapath;C:\Program Files (x86)\Common Files\Oracle\Java\javapath;C:\WINDOWS\system32;C:\WINDOWS;C:\WINDOWS\System32\Wbem;C:\WINDOWS\System32\WindowsPowerShell\v1.0\;C:\Program Files\Intel\WiFi\bin\;C:\Program Files\Common Files\Intel\WirelessCommon\;C:\WINDOWS\System32\OpenSSH\;C:\Program Files (x86)\Java\jre1.8.0_261\bin;C:\Program Files\Java\jdk-15\bin;C:\MinGW\bin;C:\Users\Damisi\AppData\Local\Programs\Python\Python38-32\Scripts;C:\Users\Damisi\Documents\flutter\bin;C:\Program Files\Git\cmd;C:\Program Files\nodejs\;C:\Program Files (x86)\Java\jre1.8.0_261\bin;C:\Program Files\Java\jdk-15\bin;C:\Users\Damisi\AppData\Local\Programs\Microsoft VS Code\bin;C:\Users\Damisi\AppData\Local\Programs\Python\Python38-32\Scripts;C:\Users\Damisi\AppData\Roaming\npm;C:\Hugo\bin;;%USERPROFILE%\AppData\Local\Microsoft\WindowsApps

Yarn version: 
  1.22.19

Node version: 
  16.14.2

Platform: 
  win32 x64

Trace: 
  Error: https://registry.yarnpkg.com/@expo/cli/-/cli-0.1.7.tgz: ESOCKETTIMEDOUT
      at ClientRequest.<anonymous> (C:\Users\Damisi\AppData\Roaming\npm\node_modules\yarn\lib\cli.js:141517:19)
      at Object.onceWrapper (node:events:645:28)
      at ClientRequest.emit (node:events:526:28)
      at TLSSocket.emitRequestTimeout (node:_http_client:758:9)
      at Object.onceWrapper (node:events:645:28)
      at TLSSocket.emit (node:events:538:35)
      at TLSSocket.Socket._onTimeout (node:net:501:8)
      at listOnTimeout (node:internal/timers:559:17)
      at processTimers (node:internal/timers:502:7)

npm manifest: 
  {
    "name": "islandmfb-rn",
    "version": "1.0.0",
    "main": "node_modules/expo/AppEntry.js",
    "scripts": {
      "start": "expo start",
      "android": "expo start --android",
      "ios": "expo start --ios",
      "web": "expo start --web",
      "eject": "expo eject"
    },
    "dependencies": {
      "@expo-google-fonts/poppins": "^0.2.2",
      "@expo/vector-icons": "^13.0.0",
      "@hookform/resolvers": "^2.9.7",
      "@react-native-community/datetimepicker": "6.1.2",
  
      "@react-navigation/drawer": "^6.4.4",
  
      "@react-navigation/native": "^6.0.11",
      "@react-navigation/native-stack": "^6.7.0",
      "@react-navigation/stack": "^6.2.3",
      "expo": "~45.0.0",
      "expo-app-loading": "~2.0.0",
      "expo-font": "~10.1.0",
      "expo-status-bar": "~1.3.0",
      "react": "17.0.2",
      "react-dom": "17.0.2",
      "react-hook-form": "^7.33.1",
      "react-native": "0.68.2",
      "react-native-confetti-cannon": "^1.5.2",
  
      "react-native-element-dropdown": "^2.2.0",
      "react-native-gesture-handler": "~2.2.1",
  
      "react-native-date-picker": "^4.2.5",
  
  
      "react-native-reanimated": "~2.8.0",
      "react-native-safe-area-context": "4.2.4",
      "react-native-screens": "~3.11.1",
      "react-native-svg": "12.3.0",
      "twrnc": "^3.3.3",
      "zod": "^3.17.10"
    },
    "devDependencies": {
      "@babel/core": "^7.12.9",
      "@types/react": "~17.0.21",
      "@types/react-native": "~0.66.13",
      "react-native-svg-transformer": "^1.0.0",
      "typescript": "~4.3.5"
    },
    "private": true
  }

yarn manifest: 
  No manifest

Lockfile: 
  No lockfile
